NEW API
Sneaks app listening on port  3000
[
  {
    lowestResellPrice: { stockX: 330, flightClub: 400, goat: 400, stadiumGoods: 439 },
    imageLinks: [],
    _id: 60158e3b19bec919c7751e60,
    shoeName: 'Jordan 1 Retro High Dark Mocha',
    brand: 'Jordan',
    silhoutte: 'Jordan 1 Retro High',
    styleID: '555088-105',
    make: 'Jordan 1 Retro High',
    colorway: 'Sail/Dark Mocha-Black-Black',
    retailPrice: 170,
    thumbnail: 'https://images.stockx.com/images/Air-Jordan-1-Retro-High-Dark-Mocha-2-Product.jpg?fit=fill&bg=FFFFFF&w=700&h=500&auto=format,compress&trim=color&q=90&dpr=2&updated_at=1608736454',
    releaseDate: '2020-10-31',
    description: "Featuring a look similar to Travis Scott's 2019 Air Jordan 1 collaboration, the Air Jordan 1 Retro High OG 'Dark Mocha' released in October 2020. The shoe's upper is built with leather, sporting a white base overlaid by black leather. The heel and collar incorporate Dark Mocha nubuck, while a nylon tongue and perforations on the toe box maintain the classic aesthetic. Air in the heel of the midsole provides cushioning.",
    urlKey: 'air-jordan-1-retro-high-dark-mocha',
    resellLinks: {
      stockX: 'https://stockx.com/air-jordan-1-retro-high-dark-mocha',
      flightClub: 'https://www.flightclub.com/air-jordan-1-retro-high-og-sail-dark-mocha-black-black-162310',
      goat: 'https://www.goat.com/sneakers/air-jordan-1-retro-high-og-555088-105',
      stadiumGoods: 'https://www.stadiumgoods.com/air-jordan-1-retro-high-og-dark-mocha-555088-105'
    }
  },
  {
    lowestResellPrice: { stockX: 229, flightClub: 241, goat: 241, stadiumGoods: 375 },
    imageLinks: [],
    _id: 60158e3b19bec919c7751e61,
    shoeName: 'Jordan 1 Retro High Royal Toe',
    brand: 'Jordan',
    silhoutte: 'Jordan 1 Retro High',
    styleID: '555088-041',
    make: 'Jordan 1 Retro High',
    colorway: 'Black/White-Game Royal-Black',
    retailPrice: 170,
    thumbnail: 'https://images.stockx.com/images/Air-Jordan-1-Retro-High-Black-Game-Royal-Toe-Product.jpg?fit=fill&bg=FFFFFF&w=700&h=500&auto=format,compress&trim=color&q=90&dpr=2&updated_at=1606322574',
    releaseDate: '2020-05-09',
    description: "The Air Jordan 1 Retro High OG 'Royal Toe' updates a classic colorway. Built with leather, the upper appears in white with black overlays, highlighted by hits of Game Royal on the collar and toe box. A lightly padded nylon tongue supports the fit, while underfoot, a white Air midsole gives way to more Game Royal on the circular outsole.",
    urlKey: 'air-jordan-1-retro-high-black-game-royal',
    resellLinks: {
      stockX: 'https://stockx.com/air-jordan-1-retro-high-black-game-royal',
      flightClub: 'https://www.flightclub.com/air-jordan-1-retro-high-og-black-white-game-royal-black-145092',
      goat: 'https://www.goat.com/sneakers/air-jordan-1-retro-high-og-royal-toe-555088-041',
      stadiumGoods: 'https://www.stadiumgoods.com/air-jordan-1-retro-high-og-royal-toe-555088-041'
    }
  },
  {
    lowestResellPrice: { stockX: 220, flightClub: 190, goat: 190, stadiumGoods: 360 },
    imageLinks: [],
    _id: 60158e3b19bec919c7751e62,
    shoeName: 'Jordan 1 Retro High Court Purple White',
    brand: 'Jordan',
    silhoutte: 'Jordan 1 Retro High',
    styleID: '555088-500',
    make: 'Jordan 1 Retro High',
    colorway: 'Court Purple/White-Black',
    retailPrice: 170,
    thumbnail: 'https://images.stockx.com/images/Air-Jordan-1-Retro-High-Court-Purple-White-Product.jpg?fit=fill&bg=FFFFFF&w=700&h=500&auto=format,compress&trim=color&q=90&dpr=2&updated_at=1606321166',
    releaseDate: '2020-04-11',
    description: "An unofficial follow-up to a 2018 release, the Air Jordan 1 Retro High OG 'Court Purple 2.0' dropped in 2020. Sporting 'Chicago'-esque color blocking, the shoe's upper features Court Purple overlays throughout. Otherwise finished in white and black, the tooling adds a final hit of Court Purple via the concentric outsole.",
    urlKey: 'air-jordan-1-retro-high-court-purple-white',
    resellLinks: {
      stockX: 'https://stockx.com/air-jordan-1-retro-high-court-purple-white',
      flightClub: 'https://www.flightclub.com/air-jordan-1-high-og-court-purple-white-black-144204',
      goat: 'https://www.goat.com/sneakers/air-jordan-1-high-og-court-purple-555088-500',
      stadiumGoods: 'https://www.stadiumgoods.com/air-jordan-1-retro-high-og-court-purple-2-0-555088-500'
    }
  },
  {
    lowestResellPrice: { stockX: 184, flightClub: 189, goat: 189, stadiumGoods: 295 },
    imageLinks: [],
    _id: 60158e3b19bec919c7751e63,
    shoeName: 'Jordan 1 Retro High Pine Green Black',
    brand: 'Jordan',
    silhoutte: 'Jordan 1 Retro High',
    styleID: '555088-030',
    make: 'Jordan 1 Retro High',
    colorway: 'Black/Pine Green-White-Gym Red',
    retailPrice: 170,
    thumbnail: 'https://images.stockx.com/images/Air-Jordan-1-Retro-High-Pine-Green-Black-Product.jpg?fit=fill&bg=FFFFFF&w=700&h=500&auto=format,compress&trim=color&q=90&dpr=2&updated_at=1606323349',
    releaseDate: '2020-02-29',
    description: "A two-tone look, the Air Jordan 1 Retro High OG 'Pine Green 2.0' released in February 2020. The shoe's leather upper sports a mix of black leather and Pine Green tumbled leather, with Gym Red on the tongue tag. Underfoot, the Air-infused midsole offers the only contrast in white, giving way to a rubber outsole with a concentric traction pattern.",
    urlKey: 'air-jordan-1-retro-high-pine-green-black',
    resellLinks: {
      stockX: 'https://stockx.com/air-jordan-1-retro-high-pine-green-black',
      flightClub: 'https://www.flightclub.com/air-jordan-1-retro-high-og-black-white-gym-red-pine-green-135278',
      goat: 'https://www.goat.com/sneakers/air-jordan-1-retro-high-og-555088-030',
      stadiumGoods: 'https://www.stadiumgoods.com/air-jordan-1-retro-high-pine-green-2-0-555088-030'
    }
  },
  {
    lowestResellPrice: { stockX: 225, flightClub: 250, goat: 250, stadiumGoods: 299 },
    imageLinks: [],
    _id: 60158e3b19bec919c7751e64,
    shoeName: 'Jordan 1 Retro High Tokyo Bio Hack',
    brand: 'Jordan',
    silhoutte: 'Jordan 1 Retro High',
    styleID: '555088-201',
    make: 'Jordan 1 Retro High',
    colorway: 'Baroque Brown/Black-Laser Orange-Racer Pink',
    retailPrice: 170,
    thumbnail: 'https://images.stockx.com/images/Air-Jordan-1-Retro-High-Bio-Hack-Product.jpg?fit=fill&bg=FFFFFF&w=700&h=500&auto=format,compress&trim=color&q=90&dpr=2&updated_at=1606318464',
    releaseDate: '2020-09-04',
    description: "The Air Jordan 1 Retro High OG 'Tokyo Bio Hack' features inspiration from the Japanese capital. The shoe's upper is built with a mix of leather and suede, finished in a color-blocked look that brings to mind Undefeated's Nike Dunk High NL collaboration from 2005. Underfoot, the painted Air midsole provides cushioning, giving way to a concentric outsole for traction.",
    urlKey: 'air-jordan-1-retro-high-bio-hack',
    resellLinks: {
      stockX: 'https://stockx.com/air-jordan-1-retro-high-bio-hack',
      flightClub: 'https://www.flightclub.com/air-jordan-1-retro-high-og-baroque-brown-baroque-brown-black-laser-orange-racer-pink-152669',
      goat: 'https://www.goat.com/sneakers/air-jordan-1-retro-high-og-baroque-brown-555088-201',
      stadiumGoods: 'https://www.stadiumgoods.com/air-jordan-1-retro-high-og-bio-hack-555088-201'
    }
  },
  {
    lowestResellPrice: { stockX: 231, flightClub: 265, goat: 265, stadiumGoods: 309 },
    imageLinks: [],
    _id: 60158e3b19bec919c7751e65,
    shoeName: 'Jordan 1 Retro High Light Smoke Grey',
    brand: 'Jordan',
    silhoutte: 'Jordan 1 Retro High',
    styleID: '555088-126',
    make: 'Jordan 1 Retro High',
    colorway: 'White/Black-Light Smoke Grey-Varsity Red',
    retailPrice: 170,
    thumbnail: 'https://images.stockx.com/images/Air-Jordan-1-Retro-High-Light-Smoke-Grey-Product.jpg?fit=fill&bg=FFFFFF&w=700&h=500&auto=format,compress&trim=color&q=90&dpr=2&updated_at=1606320039',
    releaseDate: '2020-07-11',
    description: "The Air Jordan 1 Retro High OG 'Light Smoke Grey' emerges with a neutral look and a vibrant accent. The shoe's upper features a white leather base overlaid by Light Smoke Grey suede, with black contrast on the Swoosh, collar, laces and tongue tag. The collar flap highlights the look in Varsity Red, matched by the tongue branding, while an Air midsole and concentric outsole support the fit underfoot.",
    urlKey: 'air-jordan-1-retro-high-light-smoke-grey',
    resellLinks: {
      stockX: 'https://stockx.com/air-jordan-1-retro-high-light-smoke-grey',
      flightClub: 'https://www.flightclub.com/air-jordan-1-retro-high-og-white-particle-grey-varsity-red-black-155979',
      goat: 'https://www.goat.com/sneakers/air-jordan-1-retro-high-og-particle-grey-555088-126',
      stadiumGoods: 'https://www.stadiumgoods.com/air-jordan-1-retro-high-og-light-smoke-grey-555088-126'
    }
  },
  {
    lowestResellPrice: { stockX: 165, flightClub: 215, goat: 215, stadiumGoods: 295 },
    imageLinks: [],
    _id: 60158e3b19bec919c7751e66,
    shoeName: 'Jordan 1 Retro High COJP Midnight Navy (2020)',
    brand: 'Jordan',
    silhoutte: 'Jordan 1 Retro High',
    styleID: 'DC1788-100',
    make: 'Jordan 1 Retro High',
    colorway: 'White/Metallic Silver-Midnight Navy',
    retailPrice: 170,
    thumbnail: 'https://images.stockx.com/images/Air-Jordan-1-Retro-High-Midnight-Navy-2020-Product.jpg?fit=fill&bg=FFFFFF&w=700&h=500&auto=format,compress&trim=color&q=90&dpr=2&updated_at=1608736740',
    releaseDate: '2020-11-14',
    description: "Originally released exclusively in Japan and limted to 3,000 pairs, the Air Jordan 1 Retro High co.JP 'Midnight Navy' 2020 brings back that look. The shoe's upper is built with a white leather base, accented by silver on the Swoosh branding and 'Wings' logo and overlaid by navy nubuck. Perforations on the toe box provide breathability, while underfoot, Air in the heel provides cushioning. A concentric outsole is included for traction.",
    urlKey: 'air-jordan-1-retro-high-midnight-navy-2020',
    resellLinks: {
      stockX: 'https://stockx.com/air-jordan-1-retro-high-midnight-navy-2020',
      flightClub: 'https://www.flightclub.com/air-jordan-1-retro-high-midnight-navy-2020-dc1788-100',
      goat: 'https://www.goat.com/sneakers/air-jordan-1-retro-high-midnight-navy-2020-dc1788-100',
      stadiumGoods: 'https://www.stadiumgoods.com/air-jordan-1-retro-high-co-jp-midnight-navy-dc1788-100'
    }
  },
  {
    lowestResellPrice: { stockX: 249, flightClub: 258, goat: 258, stadiumGoods: 309 },
    imageLinks: [],
    _id: 60158e3b19bec919c7751e67,
    shoeName: 'Jordan 1 Retro High Satin Snake Chicago (W)',
    brand: 'Jordan',
    silhoutte: 'Jordan 1 Retro High',
    styleID: 'CD0461-601',
    make: 'Jordan 1 Retro High',
    colorway: 'Gym Red/White-Black',
    retailPrice: 170,
    thumbnail: 'https://images.stockx.com/images/Air-Jordan-1-Retro-High-Satin-Snake-Chicago-W-Product.jpg?fit=fill&bg=FFFFFF&w=700&h=500&auto=format,compress&trim=color&q=90&dpr=2&updated_at=1606325457',
    releaseDate: '2020-08-06',
    description: "A follow-up to the 2019 'Satin Black Toe,' the Wmns Air Jordan 1 Retro High OG 'Satin Red' released in August 2020. The shoe emerges with flipped color-blocking, although it's finished in the same mix of red, black and white. A snakeskin texture marks the heel, collar and Swoosh branding, while the tongue and inner lining are made with satin to give the shoe its name. A white Air midsole provides cushioning underfoot.",
    urlKey: 'air-jordan-1-retro-high-satin-snake-chicago-w',
    resellLinks: {
      stockX: 'https://stockx.com/air-jordan-1-retro-high-satin-snake-chicago-w',
      flightClub: 'https://www.flightclub.com/wmns-air-jordan-1-retro-high-og-satin-snake-cd0461-601',
      goat: 'https://www.goat.com/sneakers/wmns-air-jordan-1-retro-high-og-satin-snake-cd0461-601',
      stadiumGoods: 'https://www.stadiumgoods.com/air-jordan-1-high-retro-wmns-satin-snake-cd0461-601'
    }
  },
  {
    lowestResellPrice: { stockX: 199, flightClub: 189, goat: 189, stadiumGoods: 275 },
    imageLinks: [],
    _id: 60158e3b19bec919c7751e68,
    shoeName: 'Jordan 1 Retro High NC to Chi Leather (W)',
    brand: 'Jordan',
    silhoutte: 'Jordan 1 Retro High',
    styleID: 'CD0461-046',
    make: 'Jordan 1 Retro High',
    colorway: 'Black/Dark Powder Blue-Gym Red',
    retailPrice: 170,
    thumbnail: 'https://images.stockx.com/images/Air-Jordan-1-Retro-High-UNC-Chicago-Leather-W-Product.jpg?fit=fill&bg=FFFFFF&w=700&h=500&auto=format,compress&trim=color&q=90&dpr=2&updated_at=1606322288',
    releaseDate: '2020-02-13',
    description: "The Wmns Air Jordan 1 High OG 'UNC To Chicago' looks to Michael Jordan's basketball journey to create a hybrid colorway. The shoe's heel starts off in college, with a Dark Powder Blue look modeled after the University of North Carolina Tar Heels. The toe sports Gym Red as a nod to the Chicago Bulls, while the rest of the leather construction is finished in black. Underfoot, a white Air midsole gives way to a Gym Red outsole.",
    urlKey: 'air-jordan-1-retro-high-unc-chicago-leather-w',
    resellLinks: {
      stockX: 'https://stockx.com/air-jordan-1-retro-high-unc-chicago-leather-w',
      flightClub: 'https://www.flightclub.com/wmns-air-jordan-1-high-og-black-dk-powder-blue-gym-red-149288',
      goat: 'https://www.goat.com/sneakers/wmns-air-jordan-1-high-og-unc-to-chicago-cd0461-046',
      stadiumGoods: 'https://www.stadiumgoods.com/air-jordan-1-high-og-wmns-unc-to-chicago-cd0461-046'
    }
  },
  {
    lowestResellPrice: { stockX: 331, flightClub: 319, goat: 325, stadiumGoods: 385 },
    imageLinks: [],
    _id: 60158e3b19bec919c7751e69,
    shoeName: 'Jordan 1 Retro High Fearless UNC Chicago',
    brand: 'Jordan',
    silhoutte: 'Jordan 1 Retro High',
    styleID: 'CK5666-100',
    make: 'Jordan 1 Retro High',
    colorway: 'White/University Blue-Varsity Red-Black',
    retailPrice: 160,
    thumbnail: 'https://images.stockx.com/images/Air-Jordan-1-Retro-High-Fearless-UNC-Chicago-Product.jpg?fit=fill&bg=FFFFFF&w=700&h=500&auto=format,compress&trim=color&q=90&dpr=2&updated_at=1606322396',
    releaseDate: '2019-11-02',
    description: "Dropping in 2019 as part of Jordan Brand’s ‘Fearless Ones’ collection, the Air Jordan 1 Retro High OG 'Fearless' features a distinctive color scheme that draws inspiration from the first three patent leather colorways of the iconic silhouette. The high-top’s crisp white upper is accented with Gym Red overlays on the forefoot, University Blue on the heel and a blend of black and gold on the jeweled Wings logo.",
    urlKey: 'air-jordan-1-retro-high-fearless-unc-chicago',
    resellLinks: {
      stockX: 'https://stockx.com/air-jordan-1-retro-high-fearless-unc-chicago',
      flightClub: 'https://www.flightclub.com/air-jordan-1-high-og-fearless-white-university-blue-varsity-red-black-149390',
      goat: 'https://www.goat.com/sneakers/air-jordan-1-retro-high-og-fearless-ck5666-100',
      stadiumGoods: 'https://www.stadiumgoods.com/air-jordan-1-retro-high-les-twin-fearless-ck5666-100'
    }
  },
  {
    lowestResellPrice: { stockX: 279, flightClub: 268, goat: 268, stadiumGoods: 335 },
    imageLinks: [],
    _id: 60158e3b19bec919c7751e6a,
    shoeName: 'Jordan 1 Retro High Tie Dye (W)',
    brand: 'Jordan',
    silhoutte: 'Jordan 1 Retro High',
    styleID: 'CD0461-100',
    make: 'Jordan 1 Retro High',
    colorway: 'White/Black-Aurora Green',
    retailPrice: 170,
    thumbnail: 'https://images.stockx.com/images/Air-Jordan-1-Retro-High-Tie-Dye-W-Product.jpg?fit=fill&bg=FFFFFF&w=700&h=500&auto=format,compress&trim=color&q=90&dpr=2&updated_at=1606319746',
    releaseDate: '2020-06-26',
    description: "The Wmns Air Jordan 1 Retro High OG 'Tie-Dye' brings a faux hand-dyed effect to its classic basketball construction. A women's shoe, the upper is built with a white leather base, with black leather on the collar and toe box. The overlays define the look, while underfoot, a classic midsole houses Air for cushioning, with a concentric outsole for traction.",
    urlKey: 'air-jordan-1-retro-high-tie-dye-w',
    resellLinks: {
      stockX: 'https://stockx.com/air-jordan-1-retro-high-tie-dye-w',
      flightClub: 'https://www.flightclub.com/wmns-air-jordan-1-retro-high-og-white-black-aurora-green-157965',
      goat: 'https://www.goat.com/sneakers/wmns-air-jordan-1-retro-high-og-aurora-cd0461-100',
      stadiumGoods: 'https://www.stadiumgoods.com/air-jordan-1-retro-high-og-wmn-tie-dye-cd0461-100'
    }
  },
  {
    lowestResellPrice: { stockX: 215, flightClub: 200, goat: 200, stadiumGoods: 279 },
    imageLinks: [],
    _id: 60158e3b19bec919c7751e6b,
    shoeName: 'Jordan 1 Retro High CO Japan Neutral Grey (2020)',
    brand: 'Jordan',
    silhoutte: 'Jordan 1 Retro High',
    styleID: 'DC1788-029',
    make: 'Jordan 1 Retro High',
    colorway: 'Neutral Grey/Metallic Silver-White',
    retailPrice: 170,
    thumbnail: 'https://images.stockx.com/images/Air-Jordan-1-Retro-High-CO-Japan-Neutral-Grey-Product.jpg?fit=fill&bg=FFFFFF&w=700&h=500&auto=format,compress&trim=color&q=90&dpr=2&updated_at=1606322190',
    releaseDate: '2020-08-07',
    description: "Originally released exclusively in Japan and limited to 2,001 pairs, the Air Jordan 1 Retro High OG CO.JP 'Tokyo' returned in 2020. Built with grey nubuck, the upper is highlighted by hits of metallic silver on the Swoosh and heel overlay. Nike Air branding replaces the Jumpman on the tongue, while the sockliner sports 'CO.JP.' The inside label on the tongue sports both 2001 and 2020, honoring the two releases. ",
    urlKey: 'air-jordan-1-retro-high-co-japan-neutral-grey',
    resellLinks: {
      stockX: 'https://stockx.com/air-jordan-1-retro-high-co-japan-neutral-grey',
      flightClub: 'https://www.flightclub.com/air-jordan-1-retro-high-og-neutral-grey-dc1788-029',
      goat: 'https://www.goat.com/sneakers/air-jordan-1-retro-high-og-neutral-grey-dc1788-029',
      stadiumGoods: 'https://www.stadiumgoods.com/air-jordan-1-retro-high-co-jp-metallic-silver-dc1788-029'
    }
  },
  {
    lowestResellPrice: { stockX: 345, flightClub: 298, goat: 298, stadiumGoods: 479 },
    imageLinks: [],
    _id: 60158e3b19bec919c7751e6c,
    shoeName: 'Jordan 1 Retro High Shattered Backboard 3.0',
    brand: 'Jordan',
    silhoutte: 'Jordan 1 Retro High',
    styleID: '555088-028',
    make: 'Jordan 1 Retro High',
    colorway: 'Black/Pale Vanilla-Starfish',
    retailPrice: 160,
    thumbnail: 'https://images.stockx.com/images/Air-Jordan-1-Retro-High-Shattered-Backboard-3-Product.jpg?fit=fill&bg=FFFFFF&w=700&h=500&auto=format,compress&trim=color&q=90&dpr=2&updated_at=1606318718',
    releaseDate: '2019-10-26',
    description: "As indicated by its moniker, the Air Jordan 1 Retro High OG 'Shattered Backboard 3.0' is the third colorway to take inspiration from Michael’s destructive dunk during a 1985 exhibition game in Italy. The high-top is dressed in contrasting black and orange hues, executed on a crinkled patent leather upper for an eye-catching look. The kicks are finished with a cream-colored midsole for a vintage aesthetic.",
    urlKey: 'air-jordan-1-retro-high-shattered-backboard-3',
    resellLinks: {
      stockX: 'https://stockx.com/air-jordan-1-retro-high-shattered-backboard-3',
      flightClub: 'https://www.flightclub.com/air-jordan-1-retro-high-og-black-pale-vanilla-starfish-147128',
      goat: 'https://www.goat.com/sneakers/air-jordan-1-retro-high-og-shattered-backboard-3-0-555088-028',
      stadiumGoods: 'https://www.stadiumgoods.com/air-jordan-1-retro-high-og-shattered-backboard-3-0-555088-028'
    }
  },
  {
    lowestResellPrice: { stockX: 372, flightClub: 340, goat: 422, stadiumGoods: 500 },
    imageLinks: [],
    _id: 60158e3b19bec919c7751e6d,
    shoeName: 'Jordan 1 Retro High Satin Black Toe (W)',
    brand: 'Jordan',
    silhoutte: 'Jordan 1 Retro High',
    styleID: 'CD0461-016',
    make: 'Jordan 1 Retro High',
    colorway: 'Black/White-University Red',
    retailPrice: 160,
    thumbnail: 'https://images.stockx.com/images/Air-Jordan-1-Retro-High-Satin-Black-Toe-W-Product.jpg?fit=fill&bg=FFFFFF&w=700&h=500&auto=format,compress&trim=color&q=90&dpr=2&updated_at=1606319735',
    releaseDate: '2019-08-17',
    description: "The Wmns Air Jordan 1 Retro High 'Satin Black Toe' brings an elevated build to one of the Air Jordan 1's most iconic colorways. The shoe's upper features a familiar mix of black, white and Varsity Red, with the iconic black finish on the toe. Built with a mix of leather and satin, a metal 'Wings' logo appears on the collar. Underfoot, a white Air midsole provides cushioning, with a further hit of Varsity Red on the circular outsole.",
    urlKey: 'air-jordan-1-retro-high-satin-black-toe-w',
    resellLinks: {
      stockX: 'https://stockx.com/air-jordan-1-retro-high-satin-black-toe-w',
      flightClub: 'https://www.flightclub.com/wmns-air-jordan-1high-og-black-black-white-varsity-red-140740',
      goat: 'https://www.goat.com/sneakers/wmns-air-jordan-1-retro-high-satin-black-toe-cd0461-016',
      stadiumGoods: 'https://www.stadiumgoods.com/nike-wmns-air-jordan-1-high-og-satin-black-toe-cd0461-016'
    }
  },
  {
    lowestResellPrice: { stockX: 176, flightClub: 189, goat: 189, stadiumGoods: 230 },
    imageLinks: [],
    _id: 60158e3b19bec919c7751e6e,
    shoeName: 'Jordan 1 Retro High Obsidian UNC',
    brand: 'Jordan',
    silhoutte: 'Jordan 1 Retro High',
    styleID: '555088-140',
    make: 'Jordan 1 Retro High',
    colorway: 'Sail/Obsidian-University Blue',
    retailPrice: 160,
    thumbnail: 'https://images.stockx.com/images/Air-Jordan-1-Retro-High-UNC-Leather.jpg?fit=fill&bg=FFFFFF&w=700&h=500&auto=format,compress&trim=color&q=90&dpr=2&updated_at=1606322077',
    releaseDate: '2019-08-31',
    description: "The Air Jordan 1 Retro High OG 'Obsidian' arrives with classic color blocking on a traditional all-leather build. A crisp white base with complementary overlays in University Blue and Midnight Navy combine as an homage to Michael Jordan’s UNC alma mater. Details include perforated detailing on the toe box, a Nike woven tag atop the padded nylon tongue, and the Jordan ‘Wings’ logo on the collar flap.",
    urlKey: 'air-jordan-1-retro-high-unc-leather',
    resellLinks: {
      stockX: 'https://stockx.com/air-jordan-1-retro-high-unc-leather',
      flightClub: 'https://www.flightclub.com/air-jordan-1-retro-high-og-sail-obsidian-university-blue-152035',
      goat: 'https://www.goat.com/sneakers/air-jordan-1-retro-high-og-obsidian-555088-140',
      stadiumGoods: 'https://www.stadiumgoods.com/air-jordan-1-retro-high-og-obsidian-university-blue-555088-140'
    }
  },
  {
    lowestResellPrice: { stockX: 250, flightClub: 188, goat: 188, stadiumGoods: 309 },
    imageLinks: [],
    _id: 60158e3b19bec919c7751e6f,
    shoeName: 'Jordan 1 Retro High Bloodline',
    brand: 'Jordan',
    silhoutte: 'Jordan 1 Retro High',
    styleID: '555088-062',
    make: 'Jordan 1 Retro High',
    colorway: 'Black/Gym Red-White',
    retailPrice: 160,
    thumbnail: 'https://images.stockx.com/images/Air-Jordan-1-Retro-High-Bloodlines.jpg?fit=fill&bg=FFFFFF&w=700&h=500&auto=format,compress&trim=color&q=90&dpr=2&updated_at=1606320131',
    releaseDate: '2019-11-29',
    description: "Releasing on Black Friday 2019, the Air Jordan 1 High Retro OG 'Bloodline' offers a remixed version of the silhouette’s OG black and red colorway – a design that looms large in the legacy of the Jordan franchise. In addition to the double-layered construction of the sneaker’s tumbled leather upper, the sockliner is printed with the question ‘Who said man was not meant to fly?’",
    urlKey: 'air-jordan-1-retro-high-bloodline',
    resellLinks: {
      stockX: 'https://stockx.com/air-jordan-1-retro-high-bloodline',
      flightClub: 'https://www.flightclub.com/air-jordan-1-retro-high-og-black-gym-red-white-140229',
      goat: 'https://www.goat.com/sneakers/air-jordan-1-high-retro-og-bred-2019-555088-062',
      stadiumGoods: 'https://www.stadiumgoods.com/air-jordan-1-high-og-bloodline-meant-to-fly-555088-062'
    }
  },
  {
    lowestResellPrice: { stockX: 200, flightClub: 220, goat: 220, stadiumGoods: 399 },
    imageLinks: [],
    _id: 60158e3b19bec919c7751e70,
    shoeName: 'Jordan 1 Retro High Zoom White Racer Blue',
    brand: 'Jordan',
    silhoutte: 'Jordan 1 Retro High',
    styleID: 'CK6637-104',
    make: 'Jordan 1 Retro High',
    colorway: 'White/Racer Blue-White',
    retailPrice: 175,
    thumbnail: 'https://images.stockx.com/images/Air-Jordan-1-Retro-High-Zoom-White-Racer-Blue.png?fit=fill&bg=FFFFFF&w=700&h=500&auto=format,compress&trim=color&q=90&dpr=2&updated_at=1606324978',
    releaseDate: '2020-03-14',
    description: "An udpated take on Michael Jordan's first signature shoe, the Air Jordan 1 High Zoom 'Racer Blue' released in March 2020. Built with leather, the upper is accented by patent leather overlays, with transparent hits on the heel and collar. Perforations on the toe box provide breathability, while underfoot, the rubber outsole reveals a gradient finish.",
    urlKey: 'air-jordan-1-retro-high-zoom-white-racer-blue',
    resellLinks: {
      stockX: 'https://stockx.com/air-jordan-1-retro-high-zoom-white-racer-blue',
      flightClub: 'https://www.flightclub.com/air-jordan-1-retro-high-zoom-white-racer-blue-white-164667',
      goat: 'https://www.goat.com/sneakers/air-jordan-1-retro-high-zoom-racer-blue-ck6637-104',
      stadiumGoods: 'https://www.stadiumgoods.com/air-jordan-1-high-zoom-racer-blue-ck6637-104'
    }
  },
  {
    lowestResellPrice: { stockX: 1449, flightClub: 1350, goat: 1457, stadiumGoods: 1545 },
    imageLinks: [],
    _id: 60158e3b19bec919c7751e71,
    shoeName: 'Jordan 1 Retro High Travis Scott',
    brand: 'Jordan',
    silhoutte: 'Jordan 1 Retro High',
    styleID: 'CD4487-100',
    make: 'Jordan 1 Retro High',
    colorway: 'Sail/Black-Dark Mocha-University Red',
    retailPrice: 175,
    thumbnail: 'https://images.stockx.com/images/Air-Jordan-1-Retro-High-Travis-Scott-Product.jpg?fit=fill&bg=FFFFFF&w=700&h=500&auto=format,compress&trim=color&q=90&dpr=2&updated_at=1608736403',
    releaseDate: '2019-05-11',
    description: "A collaboration between Travis Scott and Jordan brand, the Travis Scott x Air Jordan 1 Retro High OG 'Mocha' features an oversized backward Swoosh on the lateral side. The tumbled white leather and Dark Mocha suede construction is accented by University Red Cactus Jack and Nike branding on the tongue, while the heel sports Scott's face logo in a debossed fashion.",
    urlKey: 'air-jordan-1-retro-high-travis-scott',
    resellLinks: {
      stockX: 'https://stockx.com/air-jordan-1-retro-high-travis-scott',
      flightClub: 'https://www.flightclub.com/air-jordan-1-high-og-ts-sp-sail-black-dark-mocha-806920',
      goat: 'https://www.goat.com/sneakers/travis-scott-x-air-jordan-1-retro-high-og-cd4487-100',
      stadiumGoods: 'https://www.stadiumgoods.com/air-jordan-1-high-og-ts-sp-travis-scott-cd4487-100'
    }
  },
  {
    lowestResellPrice: { stockX: 99, flightClub: 100, goat: 100, stadiumGoods: 240 },
    imageLinks: [],
    _id: 60158e3b19bec919c7751e72,
    shoeName: 'Jordan 1 Retro High Black Crimson Tint',
    brand: 'Jordan',
    silhoutte: 'Jordan 1 Retro High',
    styleID: '555088-081',
    make: 'Jordan 1 Retro High',
    colorway: 'Black/Crimson Tint-White-Hyper Pink-Mystic Green',
    retailPrice: 160,
    thumbnail: 'https://images.stockx.com/images/Air-Jordan-1-Retro-High-Black-Hyper-Pink-Product.jpg?fit=fill&bg=FFFFFF&w=700&h=500&auto=format,compress&trim=color&q=90&dpr=2&updated_at=1606320817',
    releaseDate: '2019-04-12',
    description: "The Air Jordan 1 Retro High OG 'Crimson Tint' features an elevated construction to go with its vibrant colorway. The shoe's upper sports black tumbled leather at the quarter panel, heel and collar, contrasted by Crimson Tint full-grain leather on the perforated toe box, Swoosh, heel and collar overlay. A black nylon tongue maintains the heritage construction, while the white Air midsole provides the only deviation from the two-tone look.",
    urlKey: 'air-jordan-1-retro-high-black-hyper-pink',
    resellLinks: {
      stockX: 'https://stockx.com/air-jordan-1-retro-high-black-hyper-pink',
      flightClub: 'https://www.flightclub.com/air-jordan-1-retro-high-og-black-crimson-tint-white-137821',
      goat: 'https://www.goat.com/sneakers/air-jordan-1-retro-high-og-crimson-tint-555088-081',
      stadiumGoods: 'https://www.stadiumgoods.com/air-jordan-1-retro-high-og-crimson-tint-555088-081'
    }
  },
  {
    lowestResellPrice: { stockX: 265, flightClub: 194, goat: 194, stadiumGoods: 250 },
    imageLinks: [],
    _id: 60158e3b19bec919c7751e73,
    shoeName: 'Jordan 1 Retro High Turbo Green',
    brand: 'Jordan',
    silhoutte: 'Jordan 1 Retro High',
    styleID: '555088-311',
    make: 'Jordan 1 Retro High',
    colorway: 'Turbo Green/Sail-White-Light Smoke Grey',
    retailPrice: 160,
    thumbnail: 'https://images.stockx.com/images/Air-Jordan-1-Retro-High-Turbo-Green-Product.jpg?fit=fill&bg=FFFFFF&w=700&h=500&auto=format,compress&trim=color&q=90&dpr=2&updated_at=1606324093',
    releaseDate: '2019-02-15',
    description: "The Air Jordan 1 Retro High OG 'Turbo Green' features a two-tone look with unique detailing. Released ahead of the 2019 NBA All-Star Game, the shoe features a white leather base overlaid by distressed suede in Turbo Green. The quarter panel sports 'SP 19 Air Jordan 1 High OG' branding, while underfoot, a Sail midsole continues the vintage aesthetic while providing cushioning via Air. A grey concentric outsole provides the usual traction.",
    urlKey: 'air-jordan-1-retro-high-turbo-green',
    resellLinks: {
      stockX: 'https://stockx.com/air-jordan-1-retro-high-turbo-green',
      flightClub: 'https://www.flightclub.com/air-jordan-1-retro-high-og-turbo-green-sail-white-806889',
      goat: 'https://www.goat.com/sneakers/air-jordan-1-retro-high-og-turbo-green-555088-311',
      stadiumGoods: 'https://www.stadiumgoods.com/air-jordan-1-retro-high-og-turbo-green-555088-311'
    }
  },
  {
    lowestResellPrice: { stockX: 1630, flightClub: 1400, goat: 1450, stadiumGoods: 1865 },
    imageLinks: [],
    _id: 60158e3b19bec919c7751e74,
    shoeName: 'Jordan 1 Retro High Off-White University Blue',
    brand: 'Jordan',
    silhoutte: 'Jordan 1 Retro High',
    styleID: 'AQ0818-148',
    make: 'Jordan 1 Retro High',
    colorway: 'White/Dark Powder Blue-Cone',
    retailPrice: 190,
    thumbnail: 'https://images.stockx.com/images/Air-Jordan-1-Retro-High-Off-White-University-Blue-Product.jpg?fit=fill&bg=FFFFFF&w=700&h=500&auto=format,compress&trim=color&q=90&dpr=2&updated_at=1606321054',
    releaseDate: '2018-06-23',
    description: "Inspired by the alma mater of Michael Jordan, the Off-White x Air Jordan 1 Retro High OG 'UNC' holds a classic structure of two tones, filtered through the distinctive design prism of Virgil Abloh. The method includes taking a white leather foundation with blue overlays of dark powder and adding embellishments that express an expressive, handmade value. They include separated wings, a floating Swoosh, and text lines on the quarter panel on the medial side delineating the shoe's taxonomy.",
    urlKey: 'air-jordan-1-retro-high-off-white-university-blue',
    resellLinks: {
      stockX: 'https://stockx.com/air-jordan-1-retro-high-off-white-university-blue',
      flightClub: 'https://www.flightclub.com/air-jordan-1-x-off-white-nrg-white-dark-powder-blue-cone-804093',
      goat: 'https://www.goat.com/sneakers/off-white-x-air-jordan-1-retro-high-og-powder-blue-aq0818-148',
      stadiumGoods: 'https://www.stadiumgoods.com/air-jordan-1-retro-high-off-white-unc-aq0818-148'
    }
  },
  {
    lowestResellPrice: { stockX: 174, flightClub: 145, goat: 145, stadiumGoods: 200 },
    imageLinks: [],
    _id: 60158e3b19bec919c7751e75,
    shoeName: 'Jordan 1 Retro High Black Satin Gym Red',
    brand: 'Jordan',
    silhoutte: 'Jordan 1 Retro High',
    styleID: '555088-060',
    make: 'Jordan 1 Retro High',
    colorway: 'Black/Gym Red-Black-White',
    retailPrice: 170,
    thumbnail: 'https://images.stockx.com/images/Air-Jordan-1-Retro-High-Black-Gym-Red-Black-Product.jpg?fit=fill&bg=FFFFFF&w=700&h=500&auto=format,compress&trim=color&q=90&dpr=2&updated_at=1606321149',
    releaseDate: '2020-01-18',
    description: "The Air Jordan 1 Retro High OG 'Black Gym Red' brings a familiar Chicago Bulls look to the classic silhouette. The shoe's upper is built with black leather, accented by Gym Red on the 'Wings' logo and laces. Underfoot, the white Air midsole provides cushioning and contrast, with a black concentric outsole providing traction.",
    urlKey: 'air-jordan-1-retro-high-black-gym-red-black',
    resellLinks: {
      stockX: 'https://stockx.com/air-jordan-1-retro-high-black-gym-red-black',
      flightClub: 'https://www.flightclub.com/air-jordan-1-retro-high-og-black-gym-red-black-135292',
      goat: 'https://www.goat.com/sneakers/air-jordan-1-retro-high-og-555088-060',
      stadiumGoods: 'https://www.stadiumgoods.com/air-jordan-1-retro-high-og-black-satin-gym-red-555088-060'
    }
  },
  {
    lowestResellPrice: { stockX: 529, flightClub: 514, goat: 559, stadiumGoods: 740 },
    imageLinks: [],
    _id: 60158e3b19bec919c7751e76,
    shoeName: 'Jordan 1 Retro High UNC Patent (W)',
    brand: 'Jordan',
    silhoutte: 'Jordan 1 Retro High',
    styleID: 'CD0461-401',
    make: 'Jordan 1 Retro High',
    colorway: 'Obsidian/Blue Chill-White',
    retailPrice: 160,
    thumbnail: 'https://images.stockx.com/images/Air-Jordan-1-Retro-High-UNC-Patent-W-Product.jpg?fit=fill&bg=FFFFFF&w=700&h=500&auto=format,compress&trim=color&q=90&dpr=2&updated_at=1606316722',
    releaseDate: '2019-02-14',
    description: "The Wmns Air Jordan 1 Retro High OG 'Blue Chill' released ahead of the 2019 NBA All-Star Game, held in Charlotte, North Carolina. As a result, the shoe's patent leather upper in Blue Chill, white and black sports a University of North Carolina feel, with Obsidian on the tongue and laces. A white Air midsole provides cushioning.",
    urlKey: 'air-jordan-1-retro-high-unc-patent-w',
    resellLinks: {
      stockX: 'https://stockx.com/air-jordan-1-retro-high-unc-patent-w',
      flightClub: 'https://www.flightclub.com/wmns-air-jordan-1-retro-high-og-obsidian-blue-chill-white-806667',
      goat: 'https://www.goat.com/sneakers/wmns-air-jordan-1-retro-high-og-blue-chill-cd0461-401',
      stadiumGoods: 'https://www.stadiumgoods.com/wmns-air-jordan-1-high-og-unc-patent-leather-cd0461-401'
    }
  },
  {
    lowestResellPrice: { stockX: 220, flightClub: 230, goat: 230, stadiumGoods: 335 },
    imageLinks: [],
    _id: 60158e3b19bec919c7751e77,
    shoeName: 'Jordan 1 Retro High Neutral Grey Hyper Crimson',
    brand: 'Jordan',
    silhoutte: 'Jordan 1 Retro High',
    styleID: '555088-018',
    make: 'Jordan 1 Retro High',
    colorway: 'Neutral Grey/Black-Hyper Crimson-White',
    retailPrice: 160,
    thumbnail: 'https://images.stockx.com/images/Air-Jordan-1-Retro-High-Neutral-Grey-Hyper-Crimson-Product.jpg?fit=fill&bg=FFFFFF&w=700&h=500&auto=format,compress&trim=color&q=90&dpr=2&updated_at=1606319872',
    releaseDate: '2019-01-24',
    description: "Ditching the conventional all-leather design of the silhouette, a mixed-material construction features the Air Jordan 1 Retro High OG 'Neutral Grey.' Soft gray suede overlays contrast a folded black leather foundation with Hyper Crimson's contrasting pop on the suede collar. ' SP 19 Air Jordan 1 High OG ' on the quarter panel is stamped in black print.",
    urlKey: 'air-jordan-1-retro-high-neutral-grey-hyper-crimson',
    resellLinks: {
      stockX: 'https://stockx.com/air-jordan-1-retro-high-neutral-grey-hyper-crimson',
      flightClub: 'https://www.flightclub.com/air-jordan-1-retro-high-og-neutral-grey-black-806571',
      goat: 'https://www.goat.com/sneakers/air-jordan-1-retro-high-og-hyper-crimson-555088-018',
      stadiumGoods: 'https://www.stadiumgoods.com/air-jordan-1-retro-high-og-neutral-grey-hyper-crimson-555088-018'
    }
  },
  {
    lowestResellPrice: { stockX: 342, flightClub: 260, goat: 260, stadiumGoods: 605 },
    imageLinks: [],
    _id: 60158e3b19bec919c7751e78,
    shoeName: 'Jordan 1 Retro High Rookie of the Year',
    brand: 'Jordan',
    silhoutte: 'Jordan 1 Retro High',
    styleID: '555088-700',
    make: 'Jordan 1 Retro High',
    colorway: 'Golden Harvest/Black-Sail',
    retailPrice: 160,
    thumbnail: 'https://images.stockx.com/images/Air-Jordan-1-Retro-High-Rookie-Of-The-Year-Product.jpg?fit=fill&bg=FFFFFF&w=700&h=500&auto=format,compress&trim=color&q=90&dpr=2&updated_at=1606320545',
    releaseDate: '2018-11-17',
    description: "In 1985, after starting his career with a remarkable point per game average, Michael Jordan won the NBA's Rookie of the Year Award. To celebrate, Jordan Brand released the Air Jordan 1 Retro High OG 'Rookie of the Year.' The high top features a white-based leather cap with breathability finger box perforations and mudguard, knee, eyestay, and heel overlays of Gold Harvest leather. Hidden on the inside of each upper strap are callouts to the exceptional rookie season of MJ. On the inside of one strap can be discovered ' 1984-85 R.O.Y. 2313 POINTS 28.2 PPG ' and on the other a quote from Jordan.",
    urlKey: 'air-jordan-1-retro-high-rookie-of-the-year',
    resellLinks: {
      stockX: 'https://stockx.com/air-jordan-1-retro-high-rookie-of-the-year',
      flightClub: 'https://www.flightclub.com/air-jordan-1-retro-high-og-gold-harvest-black-sail-805561',
      goat: 'https://www.goat.com/sneakers/air-jordan-1-retro-high-og-rookie-of-the-year-555088-700',
      stadiumGoods: 'https://www.stadiumgoods.com/air-jordan-1-retro-high-og-rookie-of-the-year-555088-700'
    }
  },
  {
    lowestResellPrice: { stockX: 420, flightClub: 310, goat: 310, stadiumGoods: 390 },
    imageLinks: [],
    _id: 60158e3b19bec919c7751e79,
    shoeName: 'Jordan 1 Retro High Bred Toe',
    brand: 'Jordan',
    silhoutte: 'Jordan 1 Retro High',
    styleID: '555088-610',
    make: 'Jordan 1 Retro High',
    colorway: 'Gym Red/Black-Summit White',
    retailPrice: 160,
    thumbnail: 'https://images.stockx.com/images/Air-Jordan-1-Retro-High-Bred-Toe-Product.jpg?fit=fill&bg=FFFFFF&w=700&h=500&auto=format,compress&trim=color&q=90&dpr=2&updated_at=1606322598',
    releaseDate: '2018-02-24',
    description: 'The Air Jordan 1 Retro High OG ‘Bred Toe’ delivers a subtle design twist on the sneaker that started it all. An all-leather upper features color-blocking that combines OG ‘Bred’ and ‘Black Toe’ colorways of the iconic silhouette, with a white quarter panel accented with black overlays and contrasting pop of Gym Red on the toe box, heel, collar flap and outsole.',
    urlKey: 'air-jordan-1-retro-high-bred-toe',
    resellLinks: {
      stockX: 'https://stockx.com/air-jordan-1-retro-high-bred-toe',
      flightClub: 'https://www.flightclub.com/air-jordan-1-retro-high-og-gym-red-black-summit-white-802799',
      goat: 'https://www.goat.com/sneakers/air-jordan-1-retro-high-og-555088-610',
      stadiumGoods: 'https://www.stadiumgoods.com/jordan-1-retro-high-bred-toe-555088-610'
    }
  },
  {
    lowestResellPrice: { stockX: 210, flightClub: 190, goat: 191, stadiumGoods: 259 },
    imageLinks: [],
    _id: 60158e3b19bec919c7751e7a,
    shoeName: 'Jordan 1 Retro High Zoom Fearless',
    brand: 'Jordan',
    silhoutte: 'Jordan 1 Retro High',
    styleID: 'BV0006-900',
    make: 'Jordan 1 Retro High',
    colorway: 'Multi-Color/Black-Lucky Green-Varsity Red',
    retailPrice: 175,
    thumbnail: 'https://images.stockx.com/images/Air-Jordan-1-Retro-High-Fearless-Zoom-Product.jpg?fit=fill&bg=FFFFFF&w=700&h=500&auto=format,compress&trim=color&q=90&dpr=2&updated_at=1606317847',
    releaseDate: '2019-12-07',
    description: "The Air Jordan 1 Retro High Zoom 'Fearless' released as part of a larger collection in December 2019. The shoe's upper appears almost entirely in black, but the design is finished entirely in reflective detailing. Perforations on the tongue and toe box add breathability, while underfoot, the midsole incorporates Zoom Air for cushioning. The icy translucent outsole includes a circular traction pattern and gradient finish.",
    urlKey: 'air-jordan-1-retro-high-fearless-zoom',
    resellLinks: {
      stockX: 'https://stockx.com/air-jordan-1-retro-high-fearless-zoom',
      flightClub: 'https://www.flightclub.com/aj1-high-zoom-fearless-multi-color-varsity-red-black-154138',
      goat: 'https://www.goat.com/sneakers/zoom-air-jordan-1-high-r2t-fearless-bv0006-900',
      stadiumGoods: 'https://www.stadiumgoods.com/air-jordan-1-high-zoom-fearless-bv0006-900'
    }
  },
  {
    lowestResellPrice: { stockX: 545, flightClub: 500, goat: 575, stadiumGoods: 769 },
    imageLinks: [],
    _id: 60158e3b19bec919c7751e7b,
    shoeName: 'Jordan 1 Retro High 85 Varsity Red',
    brand: 'Jordan',
    silhoutte: 'Jordan 1 Retro High',
    styleID: 'BQ4422-600',
    make: 'Jordan 1 Retro High',
    colorway: 'Varsity Red/Black-Varsity Red-White',
    retailPrice: 200,
    thumbnail: 'https://images.stockx.com/images/Air-Jordan-1-Retro-High-85-Varsity-Red-Product.jpg?fit=fill&bg=FFFFFF&w=700&h=500&auto=format,compress&trim=color&q=90&dpr=2&updated_at=1606322936',
    releaseDate: '2020-02-08',
    description: "The Air Jordan 1 Retro High '85 'Varsity Red' emerges with a look that essentially flips the iconic 'Banned' colorway. Built with leather, the upper sports a black base overlaid by Varsity Red. A padded nylon tongue supports the fit, while underfoot, a white Air midsole provides cushioning and contrast.",
    urlKey: 'air-jordan-1-retro-high-85-varsity-red',
    resellLinks: {
      stockX: 'https://stockx.com/air-jordan-1-retro-high-85-varsity-red',
      flightClub: 'https://www.flightclub.com/air-jordan-1-high-85-varsity-red-black-varsity-red-159217',
      goat: 'https://www.goat.com/sneakers/air-jordan-1-retro-high-85-bq4422-600',
      stadiumGoods: 'https://www.stadiumgoods.com/air-jordan-1-retro-high-og-85-varsity-red-bq4422-600'
    }
  },
  {
    lowestResellPrice: { stockX: 144, flightClub: 106, goat: 106, stadiumGoods: 180 },
    imageLinks: [],
    _id: 60158e3b19bec919c7751e7c,
    shoeName: 'Jordan 1 Retro High First Class Flight',
    brand: 'Jordan',
    silhoutte: 'Jordan 1 Retro High',
    styleID: '555088-170',
    make: 'Jordan 1 Retro High',
    colorway: 'White/Dynamic Yellow-Black',
    retailPrice: 160,
    thumbnail: 'https://images.stockx.com/images/Air-Jordan-1-Retro-High-First-Class-Flight-Product.jpg?fit=fill&bg=FFFFFF&w=700&h=500&auto=format,compress&trim=color&q=90&dpr=2&updated_at=1606319943',
    releaseDate: '2019-09-28',
    description: "The Air Jordan 1 Retro High OG 'First Class Flight' makes use of a perforated white leather upper with yellow accents on the collar, medial-side Swoosh and rubber outsole. Unique details include Michael Jordan’s signature on the lateral collar and black barcodes on the heel and medial-side ankle flap, the latter referencing Jordan Brand's shipping department while the latter contains MJ's career statistics.",
    urlKey: 'air-jordan-1-retro-high-first-class-flight',
    resellLinks: {
      stockX: 'https://stockx.com/air-jordan-1-retro-high-first-class-flight',
      flightClub: 'https://www.flightclub.com/air-jordan-1-retro-high-og-white-black-dynamic-yellow-140241',
      goat: 'https://www.goat.com/sneakers/air-jordan-1-retro-high-og-dynamic-yellow-555088-170',
      stadiumGoods: 'https://www.stadiumgoods.com/air-jordan-1-first-class-flight-white-555088-170'
    }
  },
  {
    lowestResellPrice: { stockX: 190, flightClub: 180, goat: 180, stadiumGoods: 249 },
    imageLinks: [],
    _id: 60158e3b19bec919c7751e7d,
    shoeName: 'Jordan 1 Retro High Defiant White Black Gym Red',
    brand: 'Jordan',
    silhoutte: 'Jordan 1 Retro High',
    styleID: 'CD6579-071',
    make: 'Jordan 1 Retro High',
    colorway: 'Black/University Gold-White',
    retailPrice: 175,
    thumbnail: 'https://images.stockx.com/images/Air-Jordan-1-Retro-High-Defiant-White-Black-Gym-Red.png?fit=fill&bg=FFFFFF&w=700&h=500&auto=format,compress&trim=color&q=90&dpr=2&updated_at=1606318886',
    releaseDate: '2019-07-27',
    description: "The Air Jordan 1 Retro High OG 'Defiant' brings a deconstructed look to Michael Jordan's first signature shoe. The upper is built with a tumbled leather base in black and white, accented by Gym Red on the stitched lateral-side Swoosh outline. More Gym Red appears on the contrast stitching throughout, while the medial side sports a Tour Yellow Swoosh. Underfoot, the classic Air midsole gives way to an outsole with a pivot-point traction pattern.",
    urlKey: 'air-jordan-1-retro-high-defiant-white-black-gym-red',
    resellLinks: {
      stockX: 'https://stockx.com/air-jordan-1-retro-high-defiant-white-black-gym-red',
      flightClub: 'https://www.flightclub.com/air-jordan-1-retro-high-og-black-tour-yellow-white-gym-red-148969',
      goat: 'https://www.goat.com/sneakers/air-jordan-1-high-og-defiant-cd6579-071',
      stadiumGoods: 'https://www.stadiumgoods.com/air-jordan-1-retro-high-og-defiant-yellow-cd6579-071'
    }
  },
  {
    lowestResellPrice: { stockX: 185, flightClub: 170, goat: 170, stadiumGoods: 250 },
    imageLinks: [],
    _id: 60158e3b19bec919c7751e7e,
    shoeName: 'Jordan 1 Retro High OG Defiant Couture',
    brand: 'Jordan',
    silhoutte: 'Jordan 1 Retro High OG Defiant',
    styleID: 'BQ6682-006',
    make: 'Jordan 1 Retro High OG Defiant',
    colorway: 'Black/Gym Red-Muslin',
    retailPrice: 175,
    thumbnail: 'https://images.stockx.com/images/Air-Jordan-1-Retro-High-OG-Defiant-Couture-Product.jpg?fit=fill&bg=FFFFFF&w=700&h=500&auto=format,compress&trim=color&q=90&dpr=2&updated_at=1606319501',
    releaseDate: '2019-02-23',
    description: "The Air Jordan 1 Retro High OG 'Couture' features inspiration from Italian luxury sports cars. As a result, the shoe's black leather upper is accented by a bold University Red racing stripe that wraps around the heel. Underfoot, a Muslin midsole houses an Air unit for cushioning, giving way to a concentric outsole pattern for traction.",
    urlKey: 'air-jordan-1-retro-high-og-defiant-couture',
    resellLinks: {
      stockX: 'https://stockx.com/air-jordan-1-retro-high-og-defiant-couture',
      flightClub: 'https://www.flightclub.com/air-jordan-1-high-og-defiant-black-university-red-muslin-134817',
      goat: 'https://www.goat.com/sneakers/air-jordan-1-retro-high-og-defiant-bq6682-006',
      stadiumGoods: 'https://www.stadiumgoods.com/air-jordan-1-retro-high-og-def-couture-bq6682-006'
    }
  },
  {
    lowestResellPrice: { stockX: 315, flightClub: 195, goat: 195, stadiumGoods: 285 },
    imageLinks: [],
    _id: 60158e3b19bec919c7751e7f,
    shoeName: 'Jordan 1 Retro High Shadow (2018)',
    brand: 'Jordan',
    silhoutte: 'Jordan 1 Retro High',
    styleID: '555088-013',
    make: 'Jordan 1 Retro High',
    colorway: 'Black/Medium Grey-White',
    retailPrice: 160,
    thumbnail: 'https://images.stockx.com/images/Air-Jordan-1-Retro-High-Shadow-2018-1.jpg?fit=fill&bg=FFFFFF&w=700&h=500&auto=format,compress&trim=color&q=90&dpr=2&updated_at=1606318490',
    releaseDate: '2018-04-14',
    description: 'A re-release of the classic ‘Shadow’ colorway from Fall 1985, this 2018 edition of the Air Jordan 1 Retro High OG sports a leather upper dressed in black and medium grey, a white midsole, and a black outsole. Traditional Nike Air branding can be seen on the tongue while the Wings logo appears on the ankle collar.',
    urlKey: 'air-jordan-1-retro-high-shadow-2018',
    resellLinks: {
      stockX: 'https://stockx.com/air-jordan-1-retro-high-shadow-2018',
      flightClub: 'https://www.flightclub.com/air-jordan-1-retro-high-og-black-white-medium-grey-803598',
      goat: 'https://www.goat.com/sneakers/air-jordan-1-retro-high-og-shadow-2018-555088-013',
      stadiumGoods: 'https://www.stadiumgoods.com/air-jordan-1-retro-high-og-shadow-555088-013'
    }
  },
  {
    lowestResellPrice: { stockX: 130, flightClub: 141, goat: 141, stadiumGoods: 205 },
    imageLinks: [],
    _id: 60158e3b19bec919c7751e80,
    shoeName: 'Jordan 1 Retro High Phantom Gym Red',
    brand: 'Jordan',
    silhoutte: 'Jordan 1 Retro High',
    styleID: '555088-160',
    make: 'Jordan 1 Retro High',
    colorway: 'Sail/Black-Phantom-Gym Red-University Red',
    retailPrice: 160,
    thumbnail: 'https://images.stockx.com/images/Air-Jordan-1-Retro-High-Phantom-Gym-Red-Product.jpg?fit=fill&bg=FFFFFF&w=700&h=500&auto=format,compress&trim=color&q=90&dpr=2&updated_at=1606318911',
    releaseDate: '2019-03-30',
    description: "The Air Jordan 1 Retro High OG 'Phantom' gets its unique look from the use of contrast stitching. The shoe's Sail leather upper sports prominent black and University Red stitching throughout its classic construction, supported by a padded collar and nylon tongue. More University Red emerges on the ankle, while underfoot, the midsole houses Air for cushioning. A concentric outsole pattern provides traction.",
    urlKey: 'air-jordan-1-retro-high-phantom-gym-red',
    resellLinks: {
      stockX: 'https://stockx.com/air-jordan-1-retro-high-phantom-gym-red',
      flightClub: 'https://www.flightclub.com/air-jordan-1-retro-high-og-sail-black-phantom-135738',
      goat: 'https://www.goat.com/sneakers/air-jordan-1-retro-high-og-black-phantom-555088-160',
      stadiumGoods: 'https://www.stadiumgoods.com/air-jordan-1-retro-high-og-phantom-555088-160'
    }
  },
  {
    lowestResellPrice: { stockX: 600, flightClub: 300, goat: 300, stadiumGoods: 875 },
    imageLinks: [],
    _id: 60158e3b19bec919c7751e81,
    shoeName: 'Jordan 1 Retro High Spider-Man Origin Story',
    brand: 'Jordan',
    silhoutte: 'Jordan 1 Retro High',
    styleID: '555088-602',
    make: 'Jordan 1 Retro High',
    colorway: 'Gym Red/Black-White-Photo Blue',
    retailPrice: 160,
    thumbnail: 'https://images.stockx.com/images/Air-Jordan-1-Retro-High-Origin-Story-1.jpg?fit=fill&bg=FFFFFF&w=700&h=500&auto=format,compress&trim=color&q=90&dpr=2&updated_at=1606319884',
    releaseDate: '2018-12-14',
    description: 'Inspired by ‘Spider-Man: Into the Spider-Verse,’ the Air Jordan 1 Retro High OG ‘Origin features a revised take on the silhouette’s iconic Chicago colorway, worn by the teenage protagonist of the film, Miles Morales. Unique details include a blue and red tongue tag, translucent rubber outsole and tonal reflective dots covering the shoe’s red leather overlays.',
    urlKey: 'air-jordan-1-retro-high-chicago-crystal',
    resellLinks: {
      stockX: 'https://stockx.com/air-jordan-1-retro-high-chicago-crystal',
      flightClub: 'https://www.flightclub.com/air-jordan-1-retro-high-og-gym-red-white-black-photo-blue-806100',
      goat: 'https://www.goat.com/sneakers/spider-verse-x-air-jordan-1-retro-high-og-origin-story',
      stadiumGoods: 'https://www.stadiumgoods.com/air-jordan-1-retro-high-og-spider-man-origin-story-555088-602'
    }
  },
  {
    lowestResellPrice: { stockX: 700, flightClub: 700, goat: 700, stadiumGoods: 979 },
    imageLinks: [],
    _id: 60158e3b19bec919c7751e82,
    shoeName: 'Jordan 1 Retro High Twist (W)',
    brand: 'Jordan',
    silhoutte: 'Jordan 1 Retro High',
    styleID: 'CD0461-007',
    make: 'Jordan 1 Retro High',
    colorway: 'Black/Black-Metallic Gold-White',
    retailPrice: 160,
    thumbnail: 'https://images.stockx.com/images/Air-Jordan-1-Retro-High-Black-White-W-Product.jpg?fit=fill&bg=FFFFFF&w=700&h=500&auto=format,compress&trim=color&q=90&dpr=2&updated_at=1606318078',
    releaseDate: '2019-05-10',
    description: "The Wmns Air Jordan 1 Retro High OG 'Twist' updates the 1985 classic with this women's colorway. The shoe brings a luxury construction that incorporates a white tumbled leather upper with black synthetic pony hair on the overlays and Swoosh branding. A metallic 'Wings' logo appears on the collar, while the two-tone tooling includes Air in the heel and a rubber outsole for traction.",
    urlKey: 'air-jordan-1-retro-high-black-white-w',
    resellLinks: {
      stockX: 'https://stockx.com/air-jordan-1-retro-high-black-white-w',
      flightClub: 'https://www.flightclub.com/wmns-air-jordan-1-retro-high-og-black-black-metallic-gold-141219',
      goat: 'https://www.goat.com/sneakers/wmns-air-jordan-1-retro-high-og-panda-cd0461-007',
      stadiumGoods: 'https://www.stadiumgoods.com/wmns-air-jordan-1-high-og-twist-cd0461-007'
    }
  },
  {
    lowestResellPrice: { stockX: 193, flightClub: 145, goat: 145, stadiumGoods: 205 },
    imageLinks: [],
    _id: 60158e3b19bec919c7751e83,
    shoeName: 'Jordan 1 Retro High Sports Illustrated (A Star Is Born)',
    brand: 'Jordan',
    silhoutte: 'Jordan 1 Retro High',
    styleID: '555088-015',
    make: 'Jordan 1 Retro High',
    colorway: 'Black/Varsity Red-Sail-University Blue-Light Green Spark',
    retailPrice: 160,
    thumbnail: 'https://images.stockx.com/images/Air-Jordan-1-Retro-High-Sports-Illustrated-Product.jpg?fit=fill&bg=FFFFFF&w=700&h=500&auto=format,compress&trim=color&q=90&dpr=2&updated_at=1606320751',
    releaseDate: '2018-12-27',
    description: "The Air Jordan 1 Retro High OG ‘A Star is Born’ flaunts a design influenced by a singular source: a Sports Illustrated cover photo from Michael Jordan’s rookie year portraying a game between the Chicago Bulls and Milwaukee Bucks. The latter team’s old-school uniform is mirrored in the sneaker's color scheme, with a white and black leather construction highlighted by an embroidered Swoosh stands out in assorted shades of green and white.",
    urlKey: 'air-jordan-1-retro-high-sports-illustrated',
    resellLinks: {
      stockX: 'https://stockx.com/air-jordan-1-retro-high-sports-illustrated',
      flightClub: 'https://www.flightclub.com/air-jordan-1-retro-high-og-black-sail-university-blue-varsity-red-806080',
      goat: 'https://www.goat.com/sneakers/air-jordan-1-retro-high-og-555088-015',
      stadiumGoods: 'https://www.stadiumgoods.com/air-jordan-1-retro-high-og-sports-illustrated-a-star-is-born-555088-015'
    }
  },
  {
    lowestResellPrice: { stockX: 423, flightClub: 425, goat: 425, stadiumGoods: 510 },
    imageLinks: [],
    _id: 60158e3b19bec919c7751e84,
    shoeName: 'Jordan 1 Retro High Homage To Home (Non-numbered)',
    brand: 'Jordan',
    silhoutte: 'Jordan 1 Retro High',
    styleID: '861428-061',
    make: 'Jordan 1 Retro High',
    colorway: 'Black/University Red-White',
    retailPrice: 160,
    thumbnail: 'https://images.stockx.com/images/Air-Jordan-1-Retro-High-Homage-To-Home-NN-Product.jpg?fit=fill&bg=FFFFFF&w=700&h=500&auto=format,compress&trim=color&q=90&dpr=2&updated_at=1606322087',
    releaseDate: '2018-05-19',
    description: "The Air Jordan 1 Retro High OG NRG 'Homage to Home' pays tribute to Chicago and features a black and red leather upper as a nod to the Chicago Bulls’ team colors. Initially released only in Chicago, some early versions of the sneaker are numbered and have ‘FROM’ and ‘FOR’ lettering on the heels.",
    urlKey: 'air-jordan-1-retro-high-homage-to-home-nn',
    resellLinks: {
      stockX: 'https://stockx.com/air-jordan-1-retro-high-homage-to-home-nn',
      flightClub: 'https://www.flightclub.com/air-jordan-1-retro-high-og-nrg-black-white-university-red-803923',
      goat: 'https://www.goat.com/sneakers/air-jordan-1-retro-high-og-nrg-banned-861428-061',
      stadiumGoods: 'https://www.stadiumgoods.com/air-jordan-1-retro-high-og-nrg-homage-2-home-non-numbered-861428-061'
    }
  },
  {
    lowestResellPrice: { stockX: 357, flightClub: 200, goat: 200, stadiumGoods: 515 },
    imageLinks: [],
    _id: 60158e3b19bec919c7751e85,
    shoeName: 'Jordan 1 Retro High Game Royal',
    brand: 'Jordan',
    silhoutte: 'Jordan 1 Retro High',
    styleID: '555088-403',
    make: 'Jordan 1 Retro High',
    colorway: 'Game Royal/Black-Summit White',
    retailPrice: 160,
    thumbnail: 'https://images.stockx.com/images/Air-Jordan-1-Retro-High-Alternate-Black-Royal-Product.jpg?fit=fill&bg=FFFFFF&w=700&h=500&auto=format,compress&trim=color&q=90&dpr=2&updated_at=1606319714',
    releaseDate: '2018-07-18',
    description: "Placing a new palette on a classic silhouette, the Air Jordan 1 Retro High OG 'Game Royal' keeps the iconic color-blocked aesthetic of the ‘Chicago’ variant but swaps red for Game Royal blue. The sneaker keeps its Summit White side panel and toe box, along with its black Swoosh and Wings logo.",
    urlKey: 'air-jordan-1-retro-high-alternate-black-royal',
    resellLinks: {
      stockX: 'https://stockx.com/air-jordan-1-retro-high-alternate-black-royal',
      flightClub: 'https://www.flightclub.com/air-jordan-1-retro-high-og-game-royal-summit-white-black-803480',
      goat: 'https://www.goat.com/sneakers/air-jordan-1-retro-high-og-555088-403',
      stadiumGoods: 'https://www.stadiumgoods.com/air-jordan-1-retro-high-og-game-royal-555088-403'
    }
  },
  {
    lowestResellPrice: { stockX: 395, flightClub: 395, goat: 395, stadiumGoods: 555 },
    imageLinks: [],
    _id: 60158e3b19bec919c7751e86,
    shoeName: 'Jordan 1 Retro High NRG Patent Gold Toe',
    brand: 'Jordan',
    silhoutte: 'Jordan 1 Retro High NRG',
    styleID: '861428-007',
    make: 'Jordan 1 Retro High NRG',
    colorway: 'Black/Metallic Gold-Summit White',
    retailPrice: 160,
    thumbnail: 'https://images.stockx.com/images/Air-Jordan-1-Retro-High-Patent-Gold-Toe-Product.jpg?fit=fill&bg=FFFFFF&w=700&h=500&auto=format,compress&trim=color&q=90&dpr=2&updated_at=1606321591',
    releaseDate: '2018-02-10',
    description: "As promised in its name, the Air Jordan 1 Retro High OG NRG 'Gold Toe' boasts metallic gold detailing on the perforated toe box, as well as on its tongue and heel panel. Dressed in black are the sneaker’s patent leather upper, suede Swoosh and lacing structure, and outsole. The shoe also features an extended side panel and rubber midsole in white.",
    urlKey: 'air-jordan-1-retro-high-patent-gold-toe',
    resellLinks: {
      stockX: 'https://stockx.com/air-jordan-1-retro-high-patent-gold-toe',
      flightClub: 'https://www.flightclub.com/air-jordan-1-retro-high-og-nrg-black-black-metallic-gold-white-803289',
      goat: 'https://www.goat.com/sneakers/air-jordan-1-retro-high-og-nrg-black-861428-007',
      stadiumGoods: 'https://www.stadiumgoods.com/air-jordan-1-retro-high-og-nrg-gold-toe-861428-007'
    }
  },
  {
    lowestResellPrice: { stockX: 1548, flightClub: 1387, goat: 1546, stadiumGoods: 2175 },
    imageLinks: [],
    _id: 60158e3b19bec919c7751e87,
    shoeName: 'Jordan 1 Retro High Union Los Angeles Blue Toe',
    brand: 'Jordan',
    silhoutte: 'Jordan 1 Retro High',
    styleID: 'BV1300-146',
    make: 'Jordan 1 Retro High',
    colorway: 'White/Storm Blue-Varsity Red-Black',
    retailPrice: 190,
    thumbnail: 'https://images.stockx.com/images/Air-Jordan-1-Retro-High-Union-Los-Angeles-Blue-Toe-Product.jpg?fit=fill&bg=FFFFFF&w=700&h=500&auto=format,compress&trim=color&q=90&dpr=2&updated_at=1606325468',
    releaseDate: '2018-11-17',
    description: 'The design of Union x Air Jordan 1 Retro High ‘Storm Blue’ is designed to evoke the look and feel of ‘your favorite pair of old shoes.’ Consequently, the white midsole has been pretreated to simulate a worn-in look, while the white and blue leather upper is topped with the collar of a red and black Air Jordan 1 colorway. The latter is attached to the shoe with zigzag yellow stitching for a DIY look and feel.',
    urlKey: 'air-jordan-1-retro-high-union-los-angeles-blue-toe',
    resellLinks: {
      stockX: 'https://stockx.com/air-jordan-1-retro-high-union-los-angeles-blue-toe',
      flightClub: 'https://www.flightclub.com/air-jordan-1-retro-hi-nrg-un-white-storm-blue-varsity-red-black-805900',
      goat: 'https://www.goat.com/sneakers/union-x-air-jordan-1-retro-blue-union-aj1-blu',
      stadiumGoods: 'https://www.stadiumgoods.com/air-jordan-1-retro-hi-nrg-un-union-storm-blue-bv1300-146'
    }
  }
]
